13:57:49 **** Build of project freertos_bsp ****
make -k all 
libgen -hw ../hw_platform_0/system.xml\
	       -lp /home/chris/sdk_repo\
	       -pe ps7_cortexa9_1 \
	       -log libgen.log \
	       system.mss
libgen
Xilinx EDK 2013.4 Build EDK_2013.4.20131205
Copyright (c) 1995-2012 Xilinx, Inc.  All rights reserved.

Command Line: libgen -hw ../hw_platform_0/system.xml -lp /home/chris/sdk_repo
-pe ps7_cortexa9_1 -log libgen.log system.mss 


Staging source files.
Running DRCs.
Running generate.
Running post_generate.
Running include - 'gmake -s include "COMPILER=arm-xilinx-eabi-gcc"
"ARCHIVER=arm-xilinx-eabi-ar" "COMPILER_FLAGS= -O2 -c" "EXTRA_COMPILER_FLAGS=-g
-DUSE_AMP=1"'.

Running libs - 'gmake -s libs "COMPILER=arm-xilinx-eabi-gcc"
"ARCHIVER=arm-xilinx-eabi-ar" "COMPILER_FLAGS= -O2 -c" "EXTRA_COMPILER_FLAGS=-g
-DUSE_AMP=1"'.
Compiling standalone
In file included from read.c:46:0:
../../../include/xparameters.h:483:0: warning: "XPAR_XADCPS_0_DEVICE_ID" redefined [enabled by default]
In file included from ../../../include/xparameters.h:15:0,
                 from read.c:46:
../../../include/xparameters_ps.h:304:0: note: this is the location of the previous definition
In file included from read.c:46:0:
../../../include/xparameters.h:484:0: warning: "XPAR_XADCPS_0_BASEADDR" redefined [enabled by default]
In file included from ../../../include/xparameters.h:15:0,
                 from read.c:46:
../../../include/xparameters_ps.h:305:0: note: this is the location of the previous definition
In file included from sleep.c:66:0:
../../../include/xparameters.h:483:0: warning: "XPAR_XADCPS_0_DEVICE_ID" redefined [enabled by default]
In file included from ../../../include/xparameters.h:15:0,
                 from sleep.c:66:
../../../include/xparameters_ps.h:304:0: note: this is the location of the previous definition
In file included from sleep.c:66:0:
../../../include/xparameters.h:484:0: warning: "XPAR_XADCPS_0_BASEADDR" redefined [enabled by default]
In file included from ../../../include/xparameters.h:15:0,
                 from sleep.c:66:
../../../include/xparameters_ps.h:305:0: note: this is the location of the previous definition
In file included from smc.h:67:0,
                 from smc.c:64:
../../../include/xparameters.h:483:0: warning: "XPAR_XADCPS_0_DEVICE_ID" redefined [enabled by default]
In file included from ../../../include/xparameters.h:15:0,
                 from smc.h:67,
                 from smc.c:64:
../../../include/xparameters_ps.h:304:0: note: this is the location of the previous definition
In file included from smc.h:67:0,
                 from smc.c:64:
../../../include/xparameters.h:484:0: warning: "XPAR_XADCPS_0_BASEADDR" redefined [enabled by default]
In file included from ../../../include/xparameters.h:15:0,
                 from smc.h:67,
                 from smc.c:64:
../../../include/xparameters_ps.h:305:0: note: this is the location of the previous definition
In file included from uart.c:2:0:
../../../include/xparameters.h:483:0: warning: "XPAR_XADCPS_0_DEVICE_ID" redefined [enabled by default]
In file included from ../../../include/xparameters.h:15:0,
                 from uart.c:2:
../../../include/xparameters_ps.h:304:0: note: this is the location of the previous definition
In file included from uart.c:2:0:
../../../include/xparameters.h:484:0: warning: "XPAR_XADCPS_0_BASEADDR" redefined [enabled by default]
In file included from ../../../include/xparameters.h:15:0,
                 from uart.c:2:
../../../include/xparameters_ps.h:305:0: note: this is the location of the previous definition
In file included from usleep.c:64:0:
../../../include/xparameters.h:483:0: warning: "XPAR_XADCPS_0_DEVICE_ID" redefined [enabled by default]
In file included from ../../../include/xparameters.h:15:0,
                 from usleep.c:64:
../../../include/xparameters_ps.h:304:0: note: this is the location of the previous definition
In file included from usleep.c:64:0:
../../../include/xparameters.h:484:0: warning: "XPAR_XADCPS_0_BASEADDR" redefined [enabled by default]
In file included from ../../../include/xparameters.h:15:0,
                 from usleep.c:64:
../../../include/xparameters_ps.h:305:0: note: this is the location of the previous definition
In file included from write.c:46:0:
../../../include/xparameters.h:483:0: warning: "XPAR_XADCPS_0_DEVICE_ID" redefined [enabled by default]
In file included from ../../../include/xparameters.h:15:0,
                 from write.c:46:
../../../include/xparameters_ps.h:304:0: note: this is the location of the previous definition
In file included from write.c:46:0:
../../../include/xparameters.h:484:0: warning: "XPAR_XADCPS_0_BASEADDR" redefined [enabled by default]
In file included from ../../../include/xparameters.h:15:0,
                 from write.c:46:
../../../include/xparameters_ps.h:305:0: note: this is the location of the previous definition
In file included from xil_cache.c:75:0:
../../../include/xparameters.h:483:0: warning: "XPAR_XADCPS_0_DEVICE_ID" redefined [enabled by default]
In file included from ../../../include/xparameters.h:15:0,
                 from xil_cache.c:75:
../../../include/xparameters_ps.h:304:0: note: this is the location of the previous definition
In file included from xil_cache.c:75:0:
../../../include/xparameters.h:484:0: warning: "XPAR_XADCPS_0_BASEADDR" redefined [enabled by default]
In file included from ../../../include/xparameters.h:15:0,
                 from xil_cache.c:75:
../../../include/xparameters_ps.h:305:0: note: this is the location of the previous definition
In file included from boot.S:66:0:
../../../include/xparameters.h:483:0: warning: "XPAR_XADCPS_0_DEVICE_ID" redefined [enabled by default]
In file included from ../../../include/xparameters.h:15:0,
                 from boot.S:66:
../../../include/xparameters_ps.h:304:0: note: this is the location of the previous definition
In file included from boot.S:66:0:
../../../include/xparameters.h:484:0: warning: "XPAR_XADCPS_0_BASEADDR" redefined [enabled by default]
In file included from ../../../include/xparameters.h:15:0,
                 from boot.S:66:
../../../include/xparameters_ps.h:305:0: note: this is the location of the previous definition
arm-xilinx-eabi-ar: creating ../../../lib/libxil.a
Compiling common
Compiling FreeRTOS
In file included from FreeRTOSConfig.h:19:0,
                 from FreeRTOS.h:67,
                 from croutine.c:54:
../../../include/xparameters.h:483:0: warning: "XPAR_XADCPS_0_DEVICE_ID" redefined [enabled by default]
In file included from ../../../include/xparameters.h:15:0,
                 from FreeRTOSConfig.h:19,
                 from FreeRTOS.h:67,
                 from croutine.c:54:
../../../include/xparameters_ps.h:304:0: note: this is the location of the previous definition
In file included from FreeRTOSConfig.h:19:0,
                 from FreeRTOS.h:67,
                 from croutine.c:54:
../../../include/xparameters.h:484:0: warning: "XPAR_XADCPS_0_BASEADDR" redefined [enabled by default]
In file included from ../../../include/xparameters.h:15:0,
                 from FreeRTOSConfig.h:19,
                 from FreeRTOS.h:67,
                 from croutine.c:54:
../../../include/xparameters_ps.h:305:0: note: this is the location of the previous definition
In file included from FreeRTOSConfig.h:19:0,
                 from FreeRTOS.h:67,
                 from heap_3.c:73:
../../../include/xparameters.h:483:0: warning: "XPAR_XADCPS_0_DEVICE_ID" redefined [enabled by default]
In file included from ../../../include/xparameters.h:15:0,
                 from FreeRTOSConfig.h:19,
                 from FreeRTOS.h:67,
                 from heap_3.c:73:
../../../include/xparameters_ps.h:304:0: note: this is the location of the previous definition
In file included from FreeRTOSConfig.h:19:0,
                 from FreeRTOS.h:67,
                 from heap_3.c:73:
../../../include/xparameters.h:484:0: warning: "XPAR_XADCPS_0_BASEADDR" redefined [enabled by default]
In file included from ../../../include/xparameters.h:15:0,
                 from FreeRTOSConfig.h:19,
                 from FreeRTOS.h:67,
                 from heap_3.c:73:
../../../include/xparameters_ps.h:305:0: note: this is the location of the previous definition
In file included from FreeRTOSConfig.h:19:0,
                 from FreeRTOS.h:67,
                 from list.c:56:
../../../include/xparameters.h:483:0: warning: "XPAR_XADCPS_0_DEVICE_ID" redefined [enabled by default]
In file included from ../../../include/xparameters.h:15:0,
                 from FreeRTOSConfig.h:19,
                 from FreeRTOS.h:67,
                 from list.c:56:
../../../include/xparameters_ps.h:304:0: note: this is the location of the previous definition
In file included from FreeRTOSConfig.h:19:0,
                 from FreeRTOS.h:67,
                 from list.c:56:
../../../include/xparameters.h:484:0: warning: "XPAR_XADCPS_0_BASEADDR" redefined [enabled by default]
In file included from ../../../include/xparameters.h:15:0,
                 from FreeRTOSConfig.h:19,
                 from FreeRTOS.h:67,
                 from list.c:56:
../../../include/xparameters_ps.h:305:0: note: this is the location of the previous definition
In file included from FreeRTOSConfig.h:19:0,
                 from FreeRTOS.h:67,
                 from port.c:63:
../../../include/xparameters.h:483:0: warning: "XPAR_XADCPS_0_DEVICE_ID" redefined [enabled by default]
In file included from ../../../include/xparameters.h:15:0,
                 from FreeRTOSConfig.h:19,
                 from FreeRTOS.h:67,
                 from port.c:63:
../../../include/xparameters_ps.h:304:0: note: this is the location of the previous definition
In file included from FreeRTOSConfig.h:19:0,
                 from FreeRTOS.h:67,
                 from port.c:63:
../../../include/xparameters.h:484:0: warning: "XPAR_XADCPS_0_BASEADDR" redefined [enabled by default]
In file included from ../../../include/xparameters.h:15:0,
                 from FreeRTOSConfig.h:19,
                 from FreeRTOS.h:67,
                 from port.c:63:
../../../include/xparameters_ps.h:305:0: note: this is the location of the previous definition
In file included from FreeRTOSConfig.h:19:0,
                 from FreeRTOS.h:67,
                 from portISR.c:63:
../../../include/xparameters.h:483:0: warning: "XPAR_XADCPS_0_DEVICE_ID" redefined [enabled by default]
In file included from ../../../include/xparameters.h:15:0,
                 from FreeRTOSConfig.h:19,
                 from FreeRTOS.h:67,
                 from portISR.c:63:
../../../include/xparameters_ps.h:304:0: note: this is the location of the previous definition
In file included from FreeRTOSConfig.h:19:0,
                 from FreeRTOS.h:67,
                 from portISR.c:63:
../../../include/xparameters.h:484:0: warning: "XPAR_XADCPS_0_BASEADDR" redefined [enabled by default]
In file included from ../../../include/xparameters.h:15:0,
                 from FreeRTOSConfig.h:19,
                 from FreeRTOS.h:67,
                 from portISR.c:63:
../../../include/xparameters_ps.h:305:0: note: this is the location of the previous definition
In file included from FreeRTOSConfig.h:19:0,
                 from FreeRTOS.h:67,
                 from queue.c:62:
../../../include/xparameters.h:483:0: warning: "XPAR_XADCPS_0_DEVICE_ID" redefined [enabled by default]
In file included from ../../../include/xparameters.h:15:0,
                 from FreeRTOSConfig.h:19,
                 from FreeRTOS.h:67,
                 from queue.c:62:
../../../include/xparameters_ps.h:304:0: note: this is the location of the previous definition
In file included from FreeRTOSConfig.h:19:0,
                 from FreeRTOS.h:67,
                 from queue.c:62:
../../../include/xparameters.h:484:0: warning: "XPAR_XADCPS_0_BASEADDR" redefined [enabled by default]
In file included from ../../../include/xparameters.h:15:0,
                 from FreeRTOSConfig.h:19,
                 from FreeRTOS.h:67,
                 from queue.c:62:
../../../include/xparameters_ps.h:305:0: note: this is the location of the previous definition
In file included from FreeRTOSConfig.h:19:0,
                 from FreeRTOS.h:67,
                 from tasks.c:64:
../../../include/xparameters.h:483:0: warning: "XPAR_XADCPS_0_DEVICE_ID" redefined [enabled by default]
In file included from ../../../include/xparameters.h:15:0,
                 from FreeRTOSConfig.h:19,
                 from FreeRTOS.h:67,
                 from tasks.c:64:
../../../include/xparameters_ps.h:304:0: note: this is the location of the previous definition
In file included from FreeRTOSConfig.h:19:0,
                 from FreeRTOS.h:67,
                 from tasks.c:64:
../../../include/xparameters.h:484:0: warning: "XPAR_XADCPS_0_BASEADDR" redefined [enabled by default]
In file included from ../../../include/xparameters.h:15:0,
                 from FreeRTOSConfig.h:19,
                 from FreeRTOS.h:67,
                 from tasks.c:64:
../../../include/xparameters_ps.h:305:0: note: this is the location of the previous definition
In file included from FreeRTOSConfig.h:19:0,
                 from FreeRTOS.h:67,
                 from timers.c:59:
../../../include/xparameters.h:483:0: warning: "XPAR_XADCPS_0_DEVICE_ID" redefined [enabled by default]
In file included from ../../../include/xparameters.h:15:0,
                 from FreeRTOSConfig.h:19,
                 from FreeRTOS.h:67,
                 from timers.c:59:
../../../include/xparameters_ps.h:304:0: note: this is the location of the previous definition
In file included from FreeRTOSConfig.h:19:0,
                 from FreeRTOS.h:67,
                 from timers.c:59:
../../../include/xparameters.h:484:0: warning: "XPAR_XADCPS_0_BASEADDR" redefined [enabled by default]
In file included from ../../../include/xparameters.h:15:0,
                 from FreeRTOSConfig.h:19,
                 from FreeRTOS.h:67,
                 from timers.c:59:
../../../include/xparameters_ps.h:305:0: note: this is the location of the previous definition
arm-xilinx-eabi-ar: creating ../../../lib/libfreertos.a
Compiling gpio
In file included from xgpio_g.c:15:0:
../../../include/xparameters.h:483:0: warning: "XPAR_XADCPS_0_DEVICE_ID" redefined [enabled by default]
In file included from ../../../include/xparameters.h:15:0,
                 from xgpio_g.c:15:
../../../include/xparameters_ps.h:304:0: note: this is the location of the previous definition
In file included from xgpio_g.c:15:0:
../../../include/xparameters.h:484:0: warning: "XPAR_XADCPS_0_BASEADDR" redefined [enabled by default]
In file included from ../../../include/xparameters.h:15:0,
                 from xgpio_g.c:15:
../../../include/xparameters_ps.h:305:0: note: this is the location of the previous definition
In file included from xgpio_sinit.c:66:0:
../../../include/xparameters.h:483:0: warning: "XPAR_XADCPS_0_DEVICE_ID" redefined [enabled by default]
In file included from ../../../include/xparameters.h:15:0,
                 from xgpio_sinit.c:66:
../../../include/xparameters_ps.h:304:0: note: this is the location of the previous definition
In file included from xgpio_sinit.c:66:0:
../../../include/xparameters.h:484:0: warning: "XPAR_XADCPS_0_BASEADDR" redefined [enabled by default]
In file included from ../../../include/xparameters.h:15:0,
                 from xgpio_sinit.c:66:
../../../include/xparameters_ps.h:305:0: note: this is the location of the previous definition
Compiling spi
In file included from xspi_g.c:15:0:
../../../include/xparameters.h:483:0: warning: "XPAR_XADCPS_0_DEVICE_ID" redefined [enabled by default]
In file included from ../../../include/xparameters.h:15:0,
                 from xspi_g.c:15:
../../../include/xparameters_ps.h:304:0: note: this is the location of the previous definition
In file included from xspi_g.c:15:0:
../../../include/xparameters.h:484:0: warning: "XPAR_XADCPS_0_BASEADDR" redefined [enabled by default]
In file included from ../../../include/xparameters.h:15:0,
                 from xspi_g.c:15:
../../../include/xparameters_ps.h:305:0: note: this is the location of the previous definition
In file included from xspi_sinit.c:63:0:
../../../include/xparameters.h:483:0: warning: "XPAR_XADCPS_0_DEVICE_ID" redefined [enabled by default]
In file included from ../../../include/xparameters.h:15:0,
                 from xspi_sinit.c:63:
../../../include/xparameters_ps.h:304:0: note: this is the location of the previous definition
In file included from xspi_sinit.c:63:0:
../../../include/xparameters.h:484:0: warning: "XPAR_XADCPS_0_BASEADDR" redefined [enabled by default]
In file included from ../../../include/xparameters.h:15:0,
                 from xspi_sinit.c:63:
../../../include/xparameters_ps.h:305:0: note: this is the location of the previous definition
Compiling devcfg
In file included from xdevcfg_g.c:15:0:
../../../include/xparameters.h:483:0: warning: "XPAR_XADCPS_0_DEVICE_ID" redefined [enabled by default]
In file included from ../../../include/xparameters.h:15:0,
                 from xdevcfg_g.c:15:
../../../include/xparameters_ps.h:304:0: note: this is the location of the previous definition
In file included from xdevcfg_g.c:15:0:
../../../include/xparameters.h:484:0: warning: "XPAR_XADCPS_0_BASEADDR" redefined [enabled by default]
In file included from ../../../include/xparameters.h:15:0,
                 from xdevcfg_g.c:15:
../../../include/xparameters_ps.h:305:0: note: this is the location of the previous definition
In file included from xdevcfg_sinit.c:62:0:
../../../include/xparameters.h:483:0: warning: "XPAR_XADCPS_0_DEVICE_ID" redefined [enabled by default]
In file included from ../../../include/xparameters.h:15:0,
                 from xdevcfg_sinit.c:62:
../../../include/xparameters_ps.h:304:0: note: this is the location of the previous definition
In file included from xdevcfg_sinit.c:62:0:
../../../include/xparameters.h:484:0: warning: "XPAR_XADCPS_0_BASEADDR" redefined [enabled by default]
In file included from ../../../include/xparameters.h:15:0,
                 from xdevcfg_sinit.c:62:
../../../include/xparameters_ps.h:305:0: note: this is the location of the previous definition
Compiling dmaps
In file included from xdmaps.h:95:0,
                 from xdmaps.c:85:
../../../include/xparameters.h:483:0: warning: "XPAR_XADCPS_0_DEVICE_ID" redefined [enabled by default]
In file included from ../../../include/xparameters.h:15:0,
                 from xdmaps.h:95,
                 from xdmaps.c:85:
../../../include/xparameters_ps.h:304:0: note: this is the location of the previous definition
In file included from xdmaps.h:95:0,
                 from xdmaps.c:85:
../../../include/xparameters.h:484:0: warning: "XPAR_XADCPS_0_BASEADDR" redefined [enabled by default]
In file included from ../../../include/xparameters.h:15:0,
                 from xdmaps.h:95,
                 from xdmaps.c:85:
../../../include/xparameters_ps.h:305:0: note: this is the location of the previous definition
In file included from xdmaps_g.c:15:0:
../../../include/xparameters.h:483:0: warning: "XPAR_XADCPS_0_DEVICE_ID" redefined [enabled by default]
In file included from ../../../include/xparameters.h:15:0,
                 from xdmaps_g.c:15:
../../../include/xparameters_ps.h:304:0: note: this is the location of the previous definition
In file included from xdmaps_g.c:15:0:
../../../include/xparameters.h:484:0: warning: "XPAR_XADCPS_0_BASEADDR" redefined [enabled by default]
In file included from ../../../include/xparameters.h:15:0,
                 from xdmaps_g.c:15:
../../../include/xparameters_ps.h:305:0: note: this is the location of the previous definition
In file included from xdmaps.h:95:0,
                 from xdmaps_selftest.c:61:
../../../include/xparameters.h:483:0: warning: "XPAR_XADCPS_0_DEVICE_ID" redefined [enabled by default]
In file included from ../../../include/xparameters.h:15:0,
                 from xdmaps.h:95,
                 from xdmaps_selftest.c:61:
../../../include/xparameters_ps.h:304:0: note: this is the location of the previous definition
In file included from xdmaps.h:95:0,
                 from xdmaps_selftest.c:61:
../../../include/xparameters.h:484:0: warning: "XPAR_XADCPS_0_BASEADDR" redefined [enabled by default]
In file included from ../../../include/xparameters.h:15:0,
                 from xdmaps.h:95,
                 from xdmaps_selftest.c:61:
../../../include/xparameters_ps.h:305:0: note: this is the location of the previous definition
In file included from xdmaps_sinit.c:62:0:
../../../include/xparameters.h:483:0: warning: "XPAR_XADCPS_0_DEVICE_ID" redefined [enabled by default]
In file included from ../../../include/xparameters.h:15:0,
                 from xdmaps_sinit.c:62:
../../../include/xparameters_ps.h:304:0: note: this is the location of the previous definition
In file included from xdmaps_sinit.c:62:0:
../../../include/xparameters.h:484:0: warning: "XPAR_XADCPS_0_BASEADDR" redefined [enabled by default]
In file included from ../../../include/xparameters.h:15:0,
                 from xdmaps_sinit.c:62:
../../../include/xparameters_ps.h:305:0: note: this is the location of the previous definition
Compiling emacps
In file included from xemacps_g.c:15:0:
../../../include/xparameters.h:483:0: warning: "XPAR_XADCPS_0_DEVICE_ID" redefined [enabled by default]
In file included from ../../../include/xparameters.h:15:0,
                 from xemacps_g.c:15:
../../../include/xparameters_ps.h:304:0: note: this is the location of the previous definition
In file included from xemacps_g.c:15:0:
../../../include/xparameters.h:484:0: warning: "XPAR_XADCPS_0_BASEADDR" redefined [enabled by default]
In file included from ../../../include/xparameters.h:15:0,
                 from xemacps_g.c:15:
../../../include/xparameters_ps.h:305:0: note: this is the location of the previous definition
In file included from xemacps_hw.c:60:0:
../../../include/xparameters.h:483:0: warning: "XPAR_XADCPS_0_DEVICE_ID" redefined [enabled by default]
In file included from ../../../include/xparameters.h:15:0,
                 from xemacps_hw.c:60:
../../../include/xparameters_ps.h:304:0: note: this is the location of the previous definition
In file included from xemacps_hw.c:60:0:
../../../include/xparameters.h:484:0: warning: "XPAR_XADCPS_0_BASEADDR" redefined [enabled by default]
In file included from ../../../include/xparameters.h:15:0,
                 from xemacps_hw.c:60:
../../../include/xparameters_ps.h:305:0: note: this is the location of the previous definition
In file included from xemacps_sinit.c:62:0:
../../../include/xparameters.h:483:0: warning: "XPAR_XADCPS_0_DEVICE_ID" redefined [enabled by default]
In file included from ../../../include/xparameters.h:15:0,
                 from xemacps_sinit.c:62:
../../../include/xparameters_ps.h:304:0: note: this is the location of the previous definition
In file included from xemacps_sinit.c:62:0:
../../../include/xparameters.h:484:0: warning: "XPAR_XADCPS_0_BASEADDR" redefined [enabled by default]
In file included from ../../../include/xparameters.h:15:0,
                 from xemacps_sinit.c:62:
../../../include/xparameters_ps.h:305:0: note: this is the location of the previous definition
Compiling gpiops
In file included from xgpiops_g.c:15:0:
../../../include/xparameters.h:483:0: warning: "XPAR_XADCPS_0_DEVICE_ID" redefined [enabled by default]
In file included from ../../../include/xparameters.h:15:0,
                 from xgpiops_g.c:15:
../../../include/xparameters_ps.h:304:0: note: this is the location of the previous definition
In file included from xgpiops_g.c:15:0:
../../../include/xparameters.h:484:0: warning: "XPAR_XADCPS_0_BASEADDR" redefined [enabled by default]
In file included from ../../../include/xparameters.h:15:0,
                 from xgpiops_g.c:15:
../../../include/xparameters_ps.h:305:0: note: this is the location of the previous definition
In file included from xgpiops_sinit.c:64:0:
../../../include/xparameters.h:483:0: warning: "XPAR_XADCPS_0_DEVICE_ID" redefined [enabled by default]
In file included from ../../../include/xparameters.h:15:0,
                 from xgpiops_sinit.c:64:
../../../include/xparameters_ps.h:304:0: note: this is the location of the previous definition
In file included from xgpiops_sinit.c:64:0:
../../../include/xparameters.h:484:0: warning: "XPAR_XADCPS_0_BASEADDR" redefined [enabled by default]
In file included from ../../../include/xparameters.h:15:0,
                 from xgpiops_sinit.c:64:
../../../include/xparameters_ps.h:305:0: note: this is the location of the previous definition
Compiling qspips
In file included from xqspips_hw.h:83:0,
                 from xqspips.h:289,
                 from xqspips.c:112:
../../../include/xparameters.h:483:0: warning: "XPAR_XADCPS_0_DEVICE_ID" redefined [enabled by default]
In file included from ../../../include/xparameters.h:15:0,
                 from xqspips_hw.h:83,
                 from xqspips.h:289,
                 from xqspips.c:112:
../../../include/xparameters_ps.h:304:0: note: this is the location of the previous definition
In file included from xqspips_hw.h:83:0,
                 from xqspips.h:289,
                 from xqspips.c:112:
../../../include/xparameters.h:484:0: warning: "XPAR_XADCPS_0_BASEADDR" redefined [enabled by default]
In file included from ../../../include/xparameters.h:15:0,
                 from xqspips_hw.h:83,
                 from xqspips.h:289,
                 from xqspips.c:112:
../../../include/xparameters_ps.h:305:0: note: this is the location of the previous definition
In file included from xqspips_g.c:15:0:
../../../include/xparameters.h:483:0: warning: "XPAR_XADCPS_0_DEVICE_ID" redefined [enabled by default]
In file included from ../../../include/xparameters.h:15:0,
                 from xqspips_g.c:15:
../../../include/xparameters_ps.h:304:0: note: this is the location of the previous definition
In file included from xqspips_g.c:15:0:
../../../include/xparameters.h:484:0: warning: "XPAR_XADCPS_0_BASEADDR" redefined [enabled by default]
In file included from ../../../include/xparameters.h:15:0,
                 from xqspips_g.c:15:
../../../include/xparameters_ps.h:305:0: note: this is the location of the previous definition
In file included from xqspips_hw.h:83:0,
                 from xqspips_hw.c:61:
../../../include/xparameters.h:483:0: warning: "XPAR_XADCPS_0_DEVICE_ID" redefined [enabled by default]
In file included from ../../../include/xparameters.h:15:0,
                 from xqspips_hw.h:83,
                 from xqspips_hw.c:61:
../../../include/xparameters_ps.h:304:0: note: this is the location of the previous definition
In file included from xqspips_hw.h:83:0,
                 from xqspips_hw.c:61:
../../../include/xparameters.h:484:0: warning: "XPAR_XADCPS_0_BASEADDR" redefined [enabled by default]
In file included from ../../../include/xparameters.h:15:0,
                 from xqspips_hw.h:83,
                 from xqspips_hw.c:61:
../../../include/xparameters_ps.h:305:0: note: this is the location of the previous definition
In file included from xqspips_hw.h:83:0,
                 from xqspips.h:289,
                 from xqspips_options.c:74:
../../../include/xparameters.h:483:0: warning: "XPAR_XADCPS_0_DEVICE_ID" redefined [enabled by default]
In file included from ../../../include/xparameters.h:15:0,
                 from xqspips_hw.h:83,
                 from xqspips.h:289,
                 from xqspips_options.c:74:
../../../include/xparameters_ps.h:304:0: note: this is the location of the previous definition
In file included from xqspips_hw.h:83:0,
                 from xqspips.h:289,
                 from xqspips_options.c:74:
../../../include/xparameters.h:484:0: warning: "XPAR_XADCPS_0_BASEADDR" redefined [enabled by default]
In file included from ../../../include/xparameters.h:15:0,
                 from xqspips_hw.h:83,
                 from xqspips.h:289,
                 from xqspips_options.c:74:
../../../include/xparameters_ps.h:305:0: note: this is the location of the previous definition
In file included from xqspips_hw.h:83:0,
                 from xqspips.h:289,
                 from xqspips_selftest.c:63:
../../../include/xparameters.h:483:0: warning: "XPAR_XADCPS_0_DEVICE_ID" redefined [enabled by default]
In file included from ../../../include/xparameters.h:15:0,
                 from xqspips_hw.h:83,
                 from xqspips.h:289,
                 from xqspips_selftest.c:63:
../../../include/xparameters_ps.h:304:0: note: this is the location of the previous definition
In file included from xqspips_hw.h:83:0,
                 from xqspips.h:289,
                 from xqspips_selftest.c:63:
../../../include/xparameters.h:484:0: warning: "XPAR_XADCPS_0_BASEADDR" redefined [enabled by default]
In file included from ../../../include/xparameters.h:15:0,
                 from xqspips_hw.h:83,
                 from xqspips.h:289,
                 from xqspips_selftest.c:63:
../../../include/xparameters_ps.h:305:0: note: this is the location of the previous definition
In file included from xqspips_hw.h:83:0,
                 from xqspips.h:289,
                 from xqspips_sinit.c:62:
../../../include/xparameters.h:483:0: warning: "XPAR_XADCPS_0_DEVICE_ID" redefined [enabled by default]
In file included from ../../../include/xparameters.h:15:0,
                 from xqspips_hw.h:83,
                 from xqspips.h:289,
                 from xqspips_sinit.c:62:
../../../include/xparameters_ps.h:304:0: note: this is the location of the previous definition
In file included from xqspips_hw.h:83:0,
                 from xqspips.h:289,
                 from xqspips_sinit.c:62:
../../../include/xparameters.h:484:0: warning: "XPAR_XADCPS_0_BASEADDR" redefined [enabled by default]
In file included from ../../../include/xparameters.h:15:0,
                 from xqspips_hw.h:83,
                 from xqspips.h:289,
                 from xqspips_sinit.c:62:
../../../include/xparameters_ps.h:305:0: note: this is the location of the previous definition
Compiling scugic
In file included from xscugic.c:87:0:
../../../include/xparameters.h:483:0: warning: "XPAR_XADCPS_0_DEVICE_ID" redefined [enabled by default]
In file included from ../../../include/xparameters.h:15:0,
                 from xscugic.c:87:
../../../include/xparameters_ps.h:304:0: note: this is the location of the previous definition
In file included from xscugic.c:87:0:
../../../include/xparameters.h:484:0: warning: "XPAR_XADCPS_0_BASEADDR" redefined [enabled by default]
In file included from ../../../include/xparameters.h:15:0,
                 from xscugic.c:87:
../../../include/xparameters_ps.h:305:0: note: this is the location of the previous definition
xscugic.c: In function 'DistInit':
xscugic.c:130:3: warning: #warning "Building GIC for AMP" [-Wcpp]
In file included from xscugic_g.c:15:0:
../../../include/xparameters.h:483:0: warning: "XPAR_XADCPS_0_DEVICE_ID" redefined [enabled by default]
In file included from ../../../include/xparameters.h:15:0,
                 from xscugic_g.c:15:
../../../include/xparameters_ps.h:304:0: note: this is the location of the previous definition
In file included from xscugic_g.c:15:0:
../../../include/xparameters.h:484:0: warning: "XPAR_XADCPS_0_BASEADDR" redefined [enabled by default]
In file included from ../../../include/xparameters.h:15:0,
                 from xscugic_g.c:15:
../../../include/xparameters_ps.h:305:0: note: this is the location of the previous definition
In file included from xscugic_hw.c:79:0:
../../../include/xparameters.h:483:0: warning: "XPAR_XADCPS_0_DEVICE_ID" redefined [enabled by default]
In file included from ../../../include/xparameters.h:15:0,
                 from xscugic_hw.c:79:
../../../include/xparameters_ps.h:304:0: note: this is the location of the previous definition
In file included from xscugic_hw.c:79:0:
../../../include/xparameters.h:484:0: warning: "XPAR_XADCPS_0_BASEADDR" redefined [enabled by default]
In file included from ../../../include/xparameters.h:15:0,
                 from xscugic_hw.c:79:
../../../include/xparameters_ps.h:305:0: note: this is the location of the previous definition
xscugic_hw.c: In function 'DistInit':
xscugic_hw.c:123:3: warning: #warning "Building GIC for AMP" [-Wcpp]
In file included from xscugic_sinit.c:64:0:
../../../include/xparameters.h:483:0: warning: "XPAR_XADCPS_0_DEVICE_ID" redefined [enabled by default]
In file included from ../../../include/xparameters.h:15:0,
                 from xscugic_sinit.c:64:
../../../include/xparameters_ps.h:304:0: note: this is the location of the previous definition
In file included from xscugic_sinit.c:64:0:
../../../include/xparameters.h:484:0: warning: "XPAR_XADCPS_0_BASEADDR" redefined [enabled by default]
In file included from ../../../include/xparameters.h:15:0,
                 from xscugic_sinit.c:64:
../../../include/xparameters_ps.h:305:0: note: this is the location of the previous definition
Compiling scutimer
In file included from xscutimer_g.c:15:0:
../../../include/xparameters.h:483:0: warning: "XPAR_XADCPS_0_DEVICE_ID" redefined [enabled by default]
In file included from ../../../include/xparameters.h:15:0,
                 from xscutimer_g.c:15:
../../../include/xparameters_ps.h:304:0: note: this is the location of the previous definition
In file included from xscutimer_g.c:15:0:
../../../include/xparameters.h:484:0: warning: "XPAR_XADCPS_0_BASEADDR" redefined [enabled by default]
In file included from ../../../include/xparameters.h:15:0,
                 from xscutimer_g.c:15:
../../../include/xparameters_ps.h:305:0: note: this is the location of the previous definition
In file included from xscutimer_sinit.c:62:0:
../../../include/xparameters.h:483:0: warning: "XPAR_XADCPS_0_DEVICE_ID" redefined [enabled by default]
In file included from ../../../include/xparameters.h:15:0,
                 from xscutimer_sinit.c:62:
../../../include/xparameters_ps.h:304:0: note: this is the location of the previous definition
In file included from xscutimer_sinit.c:62:0:
../../../include/xparameters.h:484:0: warning: "XPAR_XADCPS_0_BASEADDR" redefined [enabled by default]
In file included from ../../../include/xparameters.h:15:0,
                 from xscutimer_sinit.c:62:
../../../include/xparameters_ps.h:305:0: note: this is the location of the previous definition
Compiling scuwdt
In file included from xscuwdt_g.c:15:0:
../../../include/xparameters.h:483:0: warning: "XPAR_XADCPS_0_DEVICE_ID" redefined [enabled by default]
In file included from ../../../include/xparameters.h:15:0,
                 from xscuwdt_g.c:15:
../../../include/xparameters_ps.h:304:0: note: this is the location of the previous definition
In file included from xscuwdt_g.c:15:0:
../../../include/xparameters.h:484:0: warning: "XPAR_XADCPS_0_BASEADDR" redefined [enabled by default]
In file included from ../../../include/xparameters.h:15:0,
                 from xscuwdt_g.c:15:
../../../include/xparameters_ps.h:305:0: note: this is the location of the previous definition
In file included from xscuwdt_sinit.c:62:0:
../../../include/xparameters.h:483:0: warning: "XPAR_XADCPS_0_DEVICE_ID" redefined [enabled by default]
In file included from ../../../include/xparameters.h:15:0,
                 from xscuwdt_sinit.c:62:
../../../include/xparameters_ps.h:304:0: note: this is the location of the previous definition
In file included from xscuwdt_sinit.c:62:0:
../../../include/xparameters.h:484:0: warning: "XPAR_XADCPS_0_BASEADDR" redefined [enabled by default]
In file included from ../../../include/xparameters.h:15:0,
                 from xscuwdt_sinit.c:62:
../../../include/xparameters_ps.h:305:0: note: this is the location of the previous definition
Compiling sdps
In file included from xsdps_hw.h:73:0,
                 from xsdps.h:126,
                 from xsdps.c:61:
../../../include/xparameters.h:483:0: warning: "XPAR_XADCPS_0_DEVICE_ID" redefined [enabled by default]
In file included from ../../../include/xparameters.h:15:0,
                 from xsdps_hw.h:73,
                 from xsdps.h:126,
                 from xsdps.c:61:
../../../include/xparameters_ps.h:304:0: note: this is the location of the previous definition
In file included from xsdps_hw.h:73:0,
                 from xsdps.h:126,
                 from xsdps.c:61:
../../../include/xparameters.h:484:0: warning: "XPAR_XADCPS_0_BASEADDR" redefined [enabled by default]
In file included from ../../../include/xparameters.h:15:0,
                 from xsdps_hw.h:73,
                 from xsdps.h:126,
                 from xsdps.c:61:
../../../include/xparameters_ps.h:305:0: note: this is the location of the previous definition
In file included from xsdps_g.c:15:0:
../../../include/xparameters.h:483:0: warning: "XPAR_XADCPS_0_DEVICE_ID" redefined [enabled by default]
In file included from ../../../include/xparameters.h:15:0,
                 from xsdps_g.c:15:
../../../include/xparameters_ps.h:304:0: note: this is the location of the previous definition
In file included from xsdps_g.c:15:0:
../../../include/xparameters.h:484:0: warning: "XPAR_XADCPS_0_BASEADDR" redefined [enabled by default]
In file included from ../../../include/xparameters.h:15:0,
                 from xsdps_g.c:15:
../../../include/xparameters_ps.h:305:0: note: this is the location of the previous definition
In file included from xsdps_hw.h:73:0,
                 from xsdps.h:126,
                 from xsdps_options.c:61:
../../../include/xparameters.h:483:0: warning: "XPAR_XADCPS_0_DEVICE_ID" redefined [enabled by default]
In file included from ../../../include/xparameters.h:15:0,
                 from xsdps_hw.h:73,
                 from xsdps.h:126,
                 from xsdps_options.c:61:
../../../include/xparameters_ps.h:304:0: note: this is the location of the previous definition
In file included from xsdps_hw.h:73:0,
                 from xsdps.h:126,
                 from xsdps_options.c:61:
../../../include/xparameters.h:484:0: warning: "XPAR_XADCPS_0_BASEADDR" redefined [enabled by default]
In file included from ../../../include/xparameters.h:15:0,
                 from xsdps_hw.h:73,
                 from xsdps.h:126,
                 from xsdps_options.c:61:
../../../include/xparameters_ps.h:305:0: note: this is the location of the previous definition
In file included from xsdps_hw.h:73:0,
                 from xsdps.h:126,
                 from xsdps_sinit.c:62:
../../../include/xparameters.h:483:0: warning: "XPAR_XADCPS_0_DEVICE_ID" redefined [enabled by default]
In file included from ../../../include/xparameters.h:15:0,
                 from xsdps_hw.h:73,
                 from xsdps.h:126,
                 from xsdps_sinit.c:62:
../../../include/xparameters_ps.h:304:0: note: this is the location of the previous definition
In file included from xsdps_hw.h:73:0,
                 from xsdps.h:126,
                 from xsdps_sinit.c:62:
../../../include/xparameters.h:484:0: warning: "XPAR_XADCPS_0_BASEADDR" redefined [enabled by default]
In file included from ../../../include/xparameters.h:15:0,
                 from xsdps_hw.h:73,
                 from xsdps.h:126,
                 from xsdps_sinit.c:62:
../../../include/xparameters_ps.h:305:0: note: this is the location of the previous definition
Compiling ttcps
In file included from xttcps_g.c:15:0:
../../../include/xparameters.h:483:0: warning: "XPAR_XADCPS_0_DEVICE_ID" redefined [enabled by default]
In file included from ../../../include/xparameters.h:15:0,
                 from xttcps_g.c:15:
../../../include/xparameters_ps.h:304:0: note: this is the location of the previous definition
In file included from xttcps_g.c:15:0:
../../../include/xparameters.h:484:0: warning: "XPAR_XADCPS_0_BASEADDR" redefined [enabled by default]
In file included from ../../../include/xparameters.h:15:0,
                 from xttcps_g.c:15:
../../../include/xparameters_ps.h:305:0: note: this is the location of the previous definition
In file included from xttcps_sinit.c:61:0:
../../../include/xparameters.h:483:0: warning: "XPAR_XADCPS_0_DEVICE_ID" redefined [enabled by default]
In file included from ../../../include/xparameters.h:15:0,
                 from xttcps_sinit.c:61:
../../../include/xparameters_ps.h:304:0: note: this is the location of the previous definition
In file included from xttcps_sinit.c:61:0:
../../../include/xparameters.h:484:0: warning: "XPAR_XADCPS_0_BASEADDR" redefined [enabled by default]
In file included from ../../../include/xparameters.h:15:0,
                 from xttcps_sinit.c:61:
../../../include/xparameters_ps.h:305:0: note: this is the location of the previous definition
Compiling uartps
In file included from xuartps_g.c:15:0:
../../../include/xparameters.h:483:0: warning: "XPAR_XADCPS_0_DEVICE_ID" redefined [enabled by default]
In file included from ../../../include/xparameters.h:15:0,
                 from xuartps_g.c:15:
../../../include/xparameters_ps.h:304:0: note: this is the location of the previous definition
In file included from xuartps_g.c:15:0:
../../../include/xparameters.h:484:0: warning: "XPAR_XADCPS_0_BASEADDR" redefined [enabled by default]
In file included from ../../../include/xparameters.h:15:0,
                 from xuartps_g.c:15:
../../../include/xparameters_ps.h:305:0: note: this is the location of the previous definition
In file included from xuartps_sinit.c:62:0:
../../../include/xparameters.h:483:0: warning: "XPAR_XADCPS_0_DEVICE_ID" redefined [enabled by default]
In file included from ../../../include/xparameters.h:15:0,
                 from xuartps_sinit.c:62:
../../../include/xparameters_ps.h:304:0: note: this is the location of the previous definition
In file included from xuartps_sinit.c:62:0:
../../../include/xparameters.h:484:0: warning: "XPAR_XADCPS_0_BASEADDR" redefined [enabled by default]
In file included from ../../../include/xparameters.h:15:0,
                 from xuartps_sinit.c:62:
../../../include/xparameters_ps.h:305:0: note: this is the location of the previous definition
Compiling usbps
In file included from xusbps_g.c:15:0:
../../../include/xparameters.h:483:0: warning: "XPAR_XADCPS_0_DEVICE_ID" redefined [enabled by default]
In file included from ../../../include/xparameters.h:15:0,
                 from xusbps_g.c:15:
../../../include/xparameters_ps.h:304:0: note: this is the location of the previous definition
In file included from xusbps_g.c:15:0:
../../../include/xparameters.h:484:0: warning: "XPAR_XADCPS_0_BASEADDR" redefined [enabled by default]
In file included from ../../../include/xparameters.h:15:0,
                 from xusbps_g.c:15:
../../../include/xparameters_ps.h:305:0: note: this is the location of the previous definition
In file included from xusbps_hw.c:62:0:
../../../include/xparameters.h:483:0: warning: "XPAR_XADCPS_0_DEVICE_ID" redefined [enabled by default]
In file included from ../../../include/xparameters.h:15:0,
                 from xusbps_hw.c:62:
../../../include/xparameters_ps.h:304:0: note: this is the location of the previous definition
In file included from xusbps_hw.c:62:0:
../../../include/xparameters.h:484:0: warning: "XPAR_XADCPS_0_BASEADDR" redefined [enabled by default]
In file included from ../../../include/xparameters.h:15:0,
                 from xusbps_hw.c:62:
../../../include/xparameters_ps.h:305:0: note: this is the location of the previous definition
In file included from xusbps_sinit.c:63:0:
../../../include/xparameters.h:483:0: warning: "XPAR_XADCPS_0_DEVICE_ID" redefined [enabled by default]
In file included from ../../../include/xparameters.h:15:0,
                 from xusbps_sinit.c:63:
../../../include/xparameters_ps.h:304:0: note: this is the location of the previous definition
In file included from xusbps_sinit.c:63:0:
../../../include/xparameters.h:484:0: warning: "XPAR_XADCPS_0_BASEADDR" redefined [enabled by default]
In file included from ../../../include/xparameters.h:15:0,
                 from xusbps_sinit.c:63:
../../../include/xparameters_ps.h:305:0: note: this is the location of the previous definition
Compiling xadcps
In file included from xadcps_g.c:15:0:
../../../include/xparameters.h:483:0: warning: "XPAR_XADCPS_0_DEVICE_ID" redefined [enabled by default]
In file included from ../../../include/xparameters.h:15:0,
                 from xadcps_g.c:15:
../../../include/xparameters_ps.h:304:0: note: this is the location of the previous definition
In file included from xadcps_g.c:15:0:
../../../include/xparameters.h:484:0: warning: "XPAR_XADCPS_0_BASEADDR" redefined [enabled by default]
In file included from ../../../include/xparameters.h:15:0,
                 from xadcps_g.c:15:
../../../include/xparameters_ps.h:305:0: note: this is the location of the previous definition
In file included from xadcps_sinit.c:65:0:
../../../include/xparameters.h:483:0: warning: "XPAR_XADCPS_0_DEVICE_ID" redefined [enabled by default]
In file included from ../../../include/xparameters.h:15:0,
                 from xadcps_sinit.c:65:
../../../include/xparameters_ps.h:304:0: note: this is the location of the previous definition
In file included from xadcps_sinit.c:65:0:
../../../include/xparameters.h:484:0: warning: "XPAR_XADCPS_0_BASEADDR" redefined [enabled by default]
In file included from ../../../include/xparameters.h:15:0,
                 from xadcps_sinit.c:65:
../../../include/xparameters_ps.h:305:0: note: this is the location of the previous definition
Compiling cpu_cortexa9
Running execs_generate.
Finished building libraries

13:58:03 Build Finished (took 14s.398ms)

