17:59:51 **** Build of configuration Debug for project freertos_app_pendulum ****
make all 
Building file: ../src/SPI.c
Invoking: ARM gcc compiler
arm-xilinx-eabi-gcc -Wall -O0 -g3 -c -fmessage-length=0 -I../../freertos_zynq_bsp_0/ps7_cortexa9_0/include -MMD -MP -MF"src/SPI.d" -MT"src/SPI.d" -o "src/SPI.o" "../src/SPI.c"
In file included from ../src/SPI.c:9:0:
../src/SPI.h:17:21: warning: extra tokens at end of #include directive [enabled by default]
Finished building: ../src/SPI.c
 
Building file: ../src/adc_dac.c
Invoking: ARM gcc compiler
arm-xilinx-eabi-gcc -Wall -O0 -g3 -c -fmessage-length=0 -I../../freertos_zynq_bsp_0/ps7_cortexa9_0/include -MMD -MP -MF"src/adc_dac.d" -MT"src/adc_dac.d" -o "src/adc_dac.o" "../src/adc_dac.c"
In file included from ../src/adc_dac.h:10:0,
                 from ../src/adc_dac.c:1:
../src/SPI.h:17:21: warning: extra tokens at end of #include directive [enabled by default]
Finished building: ../src/adc_dac.c
 
Building file: ../src/encoder.c
Invoking: ARM gcc compiler
arm-xilinx-eabi-gcc -Wall -O0 -g3 -c -fmessage-length=0 -I../../freertos_zynq_bsp_0/ps7_cortexa9_0/include -MMD -MP -MF"src/encoder.d" -MT"src/encoder.d" -o "src/encoder.o" "../src/encoder.c"
In file included from ../src/encoder.h:7:0,
                 from ../src/encoder.c:1:
../src/SPI.h:17:21: warning: extra tokens at end of #include directive [enabled by default]
Finished building: ../src/encoder.c
 
Building file: ../src/main.c
Invoking: ARM gcc compiler
arm-xilinx-eabi-gcc -Wall -O0 -g3 -c -fmessage-length=0 -I../../freertos_zynq_bsp_0/ps7_cortexa9_0/include -MMD -MP -MF"src/main.d" -MT"src/main.d" -o "src/main.o" "../src/main.c"
In file included from ../src/main.c:13:0:
../src/SPI.h:17:21: warning: extra tokens at end of #include directive [enabled by default]
Finished building: ../src/main.c
 
Building target: freertos_app_pendulum.elf
Invoking: ARM gcc linker
arm-xilinx-eabi-gcc -Wl,-T -Wl,../src/lscript.ld -L../../freertos_zynq_bsp_0/ps7_cortexa9_0/lib -o "freertos_app_pendulum.elf"  ./src/SPI.o ./src/adc_dac.o ./src/encoder.o ./src/main.o   -Wl,--start-group,-lxil,-lfreertos,-lgcc,-lc,--end-group
Finished building target: freertos_app_pendulum.elf
 
Invoking: ARM Print Size
arm-xilinx-eabi-size freertos_app_pendulum.elf  |tee "freertos_app_pendulum.elf.size"
   text	   data	    bss	    dec	    hex	filename
  83640	   3096	  30332	 117068	  1c94c	freertos_app_pendulum.elf
Finished building: freertos_app_pendulum.elf.size
 

17:59:52 Build Finished (took 841ms)

