17:59:52 **** Build of configuration Debug for project freertos_app_led ****
make all 
Building file: ../src/freertos_blink_led_semaphore.c
Invoking: ARM gcc compiler
arm-xilinx-eabi-gcc -Wall -O0 -g3 -c -fmessage-length=0 -I../../freertos_zynq_bsp_0/ps7_cortexa9_0/include -MMD -MP -MF"src/freertos_blink_led_semaphore.d" -MT"src/freertos_blink_led_semaphore.d" -o "src/freertos_blink_led_semaphore.o" "../src/freertos_blink_led_semaphore.c"
../src/freertos_blink_led_semaphore.c:78:1: warning: "/*" within comment [-Wcomment]
../src/freertos_blink_led_semaphore.c: In function 'main':
Finished building: ../src/freertos_blink_led_semaphore.c
 
Building target: freertos_app_led.elf
Invoking: ARM gcc linker
arm-xilinx-eabi-gcc -Wl,-T -Wl,../src/lscript.ld -L../../freertos_zynq_bsp_0/ps7_cortexa9_0/lib -o "freertos_app_led.elf"  ./src/freertos_blink_led_semaphore.o   -Wl,--start-group,-lxil,-lfreertos,-lgcc,-lc,--end-group
../src/freertos_blink_led_semaphore.c:94:3: warning: "/*" within comment [-Wcomment]
../src/freertos_blink_led_semaphore.c:108:32: warning: "/*" within comment [-Wcomment]
Finished building target: freertos_app_led.elf
../src/freertos_blink_led_semaphore.c:109:45: warning: "/*" within comment [-Wcomment]
 
../src/freertos_blink_led_semaphore.c:110:41: warning: "/*" within comment [-Wcomment]
Invoking: ARM Print Size
../src/freertos_blink_led_semaphore.c:114:4: warning: "/*" within comment [-Wcomment]
arm-xilinx-eabi-size freertos_app_led.elf  |tee "freertos_app_led.elf.size"
   text	   data	    bss	    dec	    hex	filename
  68820	   3056	  30268	 102144	  18f00	freertos_app_led.elf
Finished building: freertos_app_led.elf.size
 
../src/freertos_blink_led_semaphore.c:119:4: warning: "/*" within comment [-Wcomment]
../src/freertos_blink_led_semaphore.c:123:6: warning: "/*" within comment [-Wcomment]
../src/freertos_blink_led_semaphore.c: In function 'ledTask':
../src/freertos_blink_led_semaphore.c:134:17: warning: unused variable 'uiLedFlag' [-Wunused-variable]
../src/freertos_blink_led_semaphore.c: In function 'prvSetGpioHardware':
../src/freertos_blink_led_semaphore.c:156:3: warning: "/*" within comment [-Wcomment]
../src/freertos_blink_led_semaphore.c:145:7: warning: unused variable 'Status' [-Wunused-variable]

17:59:52 Build Finished (took 444ms)

