16:24:02.584 INFO  - FPGA configured successfully with bitstream "/home/teja/tejachil-gdrive/Fall_2013/ECE_4994-Undergraduate_Research/SPI_pendulum_working_freertos_queue_led_2013-12-03/SPI_pendulum.sdk/SDK/SDK_Export/hw_platform_0/system.bit" 
16:24:22.072 INFO  - Processor reset is completed for ps7_cortexa9_0 
16:24:22.172 INFO  - PS initialization will be done as it is not done before. 
16:24:22.172 INFO  - Running PS initialization.... 
16:24:22.408 INFO  - ps7_init is completed. 
16:24:22.508 INFO  - PS Initialization is complete. 
16:30:39.705 INFO  - FPGA configured successfully with bitstream "/home/teja/tejachil-gdrive/Fall_2013/ECE_4994-Undergraduate_Research/SPI_pendulum_working_freertos_queue_led_2013-12-03/SPI_pendulum.runs/impl_1/system_wrapper.bit" 
16:31:20.537 INFO  - ps7_cortexa9_0 Processor is in use. Please stop existing Run or Debug sessions before launching. 
16:31:21.916 ERROR - Unexpected error while launching program. java.lang.RuntimeException: No Active System

	at com.xilinx.sdk.targetmanager.internal.TM.stop(Unknown Source)
	at com.xilinx.sdk.targetmanager.internal.CPURunSession.terminate(Unknown Source)

16:31:40.587 INFO  - FPGA configured successfully with bitstream "/home/teja/tejachil-gdrive/Fall_2013/ECE_4994-Undergraduate_Research/SPI_pendulum_working_freertos_queue_led_2013-12-03/SPI_pendulum.runs/impl_1/system_wrapper.bit" 
16:31:49.884 INFO  - ps7_cortexa9_0 Processor is in use. Please stop existing Run or Debug sessions before launching. 
16:31:52.228 ERROR - Unexpected error while launching program. java.lang.RuntimeException: No Active System

	at com.xilinx.sdk.targetmanager.internal.TM.stop(Unknown Source)
	at com.xilinx.sdk.targetmanager.internal.CPURunSession.terminate(Unknown Source)

16:32:27.917 INFO  - FPGA configured successfully with bitstream "/home/teja/tejachil-gdrive/Fall_2013/ECE_4994-Undergraduate_Research/SPI_pendulum_working_freertos_queue_led_2013-12-03/SPI_pendulum.runs/impl_1/system_wrapper.bit" 
16:32:34.067 INFO  - ps7_cortexa9_0 Processor is in use. Please stop existing Run or Debug sessions before launching. 
16:32:37.151 ERROR - Unexpected error while launching program. java.lang.RuntimeException: No Active System

	at com.xilinx.sdk.targetmanager.internal.TM.stop(Unknown Source)
	at com.xilinx.sdk.targetmanager.internal.CPURunSession.terminate(Unknown Source)

16:32:51.378 ERROR - Unexpected error while parsing XMD response ￿: com.google.gson.JsonSyntaxException: com.google.gson.stream.MalformedJsonException: invalid number or unquoted string near  
16:33:21.519 INFO  - FPGA configured successfully with bitstream "/home/teja/tejachil-gdrive/Fall_2013/ECE_4994-Undergraduate_Research/SPI_pendulum_working_freertos_queue_led_2013-12-03/SPI_pendulum.runs/impl_1/system_wrapper.bit" 
16:33:31.907 INFO  - Processor reset is completed for ps7_cortexa9_0 
16:33:32.007 INFO  - PS initialization will be done as it is not done before. 
16:33:32.007 INFO  - Running PS initialization.... 
16:33:32.201 INFO  - ps7_init is completed. 
16:33:32.301 INFO  - PS Initialization is complete. 
16:36:32.797 INFO  - ps7_cortexa9_0 Processor is in use. Please stop existing Run or Debug sessions before launching. 
16:36:35.243 INFO  - Processor reset is completed for ps7_cortexa9_0 
16:37:48.810 INFO  - ps7_cortexa9_0 Processor is in use. Please stop existing Run or Debug sessions before launching. 
16:37:50.352 INFO  - Processor reset is completed for ps7_cortexa9_0 
16:40:55.675 INFO  - ps7_cortexa9_0 Processor is in use. Please stop existing Run or Debug sessions before launching. 
16:41:01.390 INFO  - Processor reset is completed for ps7_cortexa9_0 
16:48:07.290 INFO  - FPGA Cable Disconnected. All active launches will be terminated. 
16:55:11.871 INFO  - FPGA configured successfully with bitstream "/home/teja/tejachil-gdrive/Fall_2013/ECE_4994-Undergraduate_Research/SPI_pendulum_working_freertos_queue_led_2013-12-03/SPI_pendulum.runs/impl_1/system_wrapper.bit" 
16:55:17.615 INFO  - Processor reset is completed for ps7_cortexa9_0 
16:55:17.619 INFO  - PS initialization will be done as it is not done before. 
16:55:17.619 INFO  - Running PS initialization.... 
16:55:17.831 INFO  - ps7_init is completed. 
16:55:17.931 INFO  - PS Initialization is complete. 
17:02:34.206 INFO  - ps7_cortexa9_0 Processor is in use. Please stop existing Run or Debug sessions before launching. 
17:02:37.403 INFO  - Processor reset is completed for ps7_cortexa9_0 
17:06:00.006 INFO  - FPGA Cable Disconnected. All active launches will be terminated. 
17:06:14.601 INFO  - FPGA configured successfully with bitstream "/home/teja/tejachil-gdrive/Fall_2013/ECE_4994-Undergraduate_Research/SPI_pendulum_working_freertos_queue_led_2013-12-03/SPI_pendulum.runs/impl_1/system_wrapper.bit" 
17:06:19.798 INFO  - Processor reset is completed for ps7_cortexa9_0 
17:06:19.898 INFO  - PS initialization will be done as it is not done before. 
17:06:19.898 INFO  - Running PS initialization.... 
17:06:20.097 INFO  - ps7_init is completed. 
17:06:20.197 INFO  - PS Initialization is complete. 
17:09:43.361 INFO  - ps7_cortexa9_0 Processor is in use. Please stop existing Run or Debug sessions before launching. 
17:09:47.403 INFO  - Processor reset is completed for ps7_cortexa9_0 
17:11:12.409 INFO  - ps7_cortexa9_0 Processor is in use. Please stop existing Run or Debug sessions before launching. 
17:11:16.403 INFO  - Processor reset is completed for ps7_cortexa9_0 
17:23:25.266 INFO  - ps7_cortexa9_0 Processor is in use. Please stop existing Run or Debug sessions before launching. 
17:23:29.321 INFO  - Processor reset is completed for ps7_cortexa9_0 
17:28:19.023 ERROR - Unexpected error while parsing XMD response ￿: com.google.gson.JsonSyntaxException: com.google.gson.stream.MalformedJsonException: invalid number or unquoted string near  
17:55:42.308 INFO  - Processor reset is completed for ps7_cortexa9_0 
17:56:49.034 ERROR - Unable to disconnect from existing targets java.lang.NullPointerException
	at com.xilinx.sdk.targetmanager.internal.json.XMDJSONProcess.issueCommand(Unknown Source)
	at com.xilinx.sdk.targetmanager.internal.TM.disconnectTarget(Unknown Source)

17:56:50.001 ERROR - Unexpected error while parsing XMD response ￿: com.google.gson.JsonSyntaxException: com.google.gson.stream.MalformedJsonException: invalid number or unquoted string near  
