16:45:55 **** Build of configuration Debug for project blink-led ****
make all 
Building file: ../src/freertos_blink_led_mutex.c
Invoking: ARM gcc compiler
arm-xilinx-eabi-gcc -Wall -O0 -g3 -c -fmessage-length=0 -I../../freertos_zynq_bsp_0/ps7_cortexa9_0/include -MMD -MP -MF"src/freertos_blink_led_mutex.d" -MT"src/freertos_blink_led_mutex.d" -o "src/freertos_blink_led_mutex.o" "../src/freertos_blink_led_mutex.c"
In file included from ../../freertos_zynq_bsp_0/ps7_cortexa9_0/include/FreeRTOSConfig.h:19:0,
                 from ../../freertos_zynq_bsp_0/ps7_cortexa9_0/include/FreeRTOS.h:67,
                 from ../src/freertos_blink_led_mutex.c:63:
../../freertos_zynq_bsp_0/ps7_cortexa9_0/include/xparameters.h:357:0: warning: "XPAR_XADCPS_0_DEVICE_ID" redefined [enabled by default]
In file included from ../../freertos_zynq_bsp_0/ps7_cortexa9_0/include/xparameters.h:15:0,
                 from ../../freertos_zynq_bsp_0/ps7_cortexa9_0/include/FreeRTOSConfig.h:19,
                 from ../../freertos_zynq_bsp_0/ps7_cortexa9_0/include/FreeRTOS.h:67,
                 from ../src/freertos_blink_led_mutex.c:63:
../../freertos_zynq_bsp_0/ps7_cortexa9_0/include/xparameters_ps.h:304:0: note: this is the location of the previous definition
In file included from ../../freertos_zynq_bsp_0/ps7_cortexa9_0/include/FreeRTOSConfig.h:19:0,
Finished building: ../src/freertos_blink_led_mutex.c
                 from ../../freertos_zynq_bsp_0/ps7_cortexa9_0/include/FreeRTOS.h:67,
                 from ../src/freertos_blink_led_mutex.c:63:
../../freertos_zynq_bsp_0/ps7_cortexa9_0/include/xparameters.h:358:0: warning: "XPAR_XADCPS_0_BASEADDR" redefined [enabled by default]
 
Building target: blink-led.elf
In file included from ../../freertos_zynq_bsp_0/ps7_cortexa9_0/include/xparameters.h:15:0,
                 from ../../freertos_zynq_bsp_0/ps7_cortexa9_0/include/FreeRTOSConfig.h:19,
                 from ../../freertos_zynq_bsp_0/ps7_cortexa9_0/include/FreeRTOS.h:67,
                 from ../src/freertos_blink_led_mutex.c:63:
../../freertos_zynq_bsp_0/ps7_cortexa9_0/include/xparameters_ps.h:305:0: note: this is the location of the previous definition
Invoking: ARM gcc linker
arm-xilinx-eabi-gcc -Wl,-T -Wl,../src/lscript.ld -L../../freertos_zynq_bsp_0/ps7_cortexa9_0/lib -o "blink-led.elf"  ./src/freertos_blink_led_mutex.o   -Wl,--start-group,-lxil,-lfreertos,-lgcc,-lc,--end-group
Finished building target: blink-led.elf
 
Invoking: ARM Print Size
arm-xilinx-eabi-size blink-led.elf  |tee "blink-led.elf.size"
   text	   data	    bss	    dec	    hex	filename
  76424	   3080	  23116	 102620	  190dc	blink-led.elf
Finished building: blink-led.elf.size
 

16:45:55 Build Finished (took 214ms)

