17:30:15 **** Build of project freertos_zynq_bsp_1 ****
make -k all 
libgen -hw ../hw_platform_0/system.xml\
       -lp /home/teja/tejachil-gdrive/Fall_2013/ECE_4994-Undergraduate_Research/Xilinx_Zynq/sw/repo\
       -pe ps7_cortexa9_0 \
       -log libgen.log \
       system.mss
libgen
Xilinx EDK 2013.2 Build EDK_P.68d
Copyright (c) 1995-2012 Xilinx, Inc.  All rights reserved.

Command Line: libgen -hw ../hw_platform_0/system.xml -lp
/home/teja/tejachil-gdrive/Fall_2013/ECE_4994-Undergraduate_Research/Xilinx_Zynq
/sw/repo -pe ps7_cortexa9_0 -log libgen.log system.mss 


Staging source files.
Running DRCs.
Running generate.
Running post_generate.
Running include - 'gmake -s include "COMPILER=arm-xilinx-eabi-gcc"
"ARCHIVER=arm-xilinx-eabi-ar" "COMPILER_FLAGS= -O2 -c"
"EXTRA_COMPILER_FLAGS=-g"'.

Running libs - 'gmake -s libs "COMPILER=arm-xilinx-eabi-gcc"
"ARCHIVER=arm-xilinx-eabi-ar" "COMPILER_FLAGS= -O2 -c"
"EXTRA_COMPILER_FLAGS=-g"'.
Compiling standalone
arm-xilinx-eabi-ar: creating ../../../lib/libxil.a
Compiling xadc
Compiling FreeRTOS
arm-xilinx-eabi-ar: creating ../../../lib/libfreertos.a
Compiling devcfg
Compiling dmaps
Compiling qspips
Compiling scugic
Compiling scutimer
Compiling scuwdt
Compiling spips
Compiling ttcps
Compiling uartps
Compiling cpu_cortexa9
Running execs_generate.
Finished building libraries

17:30:40 Build Finished (took 24s.675ms)

