15:24:14 **** Build of project freertos_zynq_bsp_0 ****
make -k all 
libgen -hw ../hw_platform_0/system.xml\
	       -lp /home/controls/Documents/Zedboard-Pendulum-Control/repo\
	       -pe ps7_cortexa9_0 \
	       -log libgen.log \
	       system.mss
libgen
Xilinx EDK 2013.4 Build EDK_2013.4.20131205
Copyright (c) 1995-2012 Xilinx, Inc.  All rights reserved.

Command Line: libgen -hw ../hw_platform_0/system.xml -lp
/home/controls/Documents/Zedboard-Pendulum-Control/repo -pe ps7_cortexa9_0 -log
libgen.log system.mss 

WARNING:EDK - devcfg -
   /home/controls/Documents/Zedboard-Pendulum-Control/SPI_pendulum.sdk/SDK/SDK_E
   xport/freertos_zynq_bsp_0/system.mss line 58 - deprecated driver!
WARNING:EDK - dmaps -
   /home/controls/Documents/Zedboard-Pendulum-Control/SPI_pendulum.sdk/SDK/SDK_E
   xport/freertos_zynq_bsp_0/system.mss line 64 - deprecated driver!
WARNING:EDK - dmaps -
   /home/controls/Documents/Zedboard-Pendulum-Control/SPI_pendulum.sdk/SDK/SDK_E
   xport/freertos_zynq_bsp_0/system.mss line 70 - deprecated driver!
WARNING:EDK - gpiops -
   /home/controls/Documents/Zedboard-Pendulum-Control/SPI_pendulum.sdk/SDK/SDK_E
   xport/freertos_zynq_bsp_0/system.mss line 76 - deprecated driver!
WARNING:EDK - qspips -
   /home/controls/Documents/Zedboard-Pendulum-Control/SPI_pendulum.sdk/SDK/SDK_E
   xport/freertos_zynq_bsp_0/system.mss line 88 - deprecated driver!
WARNING:EDK - scugic -
   /home/controls/Documents/Zedboard-Pendulum-Control/SPI_pendulum.sdk/SDK/SDK_E
   xport/freertos_zynq_bsp_0/system.mss line 112 - deprecated driver!
WARNING:EDK - spips -
   /home/controls/Documents/Zedboard-Pendulum-Control/SPI_pendulum.sdk/SDK/SDK_E
   xport/freertos_zynq_bsp_0/system.mss line 136 - deprecated driver!
WARNING:EDK - uartps -
   /home/controls/Documents/Zedboard-Pendulum-Control/SPI_pendulum.sdk/SDK/SDK_E
   xport/freertos_zynq_bsp_0/system.mss line 148 - deprecated driver!

Staging source files.
Running DRCs.
Running generate.
Running post_generate.
Running include - 'gmake -s include "COMPILER=arm-xilinx-eabi-gcc"
"ARCHIVER=arm-xilinx-eabi-ar" "COMPILER_FLAGS= -O2 -c"
"EXTRA_COMPILER_FLAGS=-g"'.

Running libs - 'gmake -s libs "COMPILER=arm-xilinx-eabi-gcc"
"ARCHIVER=arm-xilinx-eabi-ar" "COMPILER_FLAGS= -O2 -c"
"EXTRA_COMPILER_FLAGS=-g"'.
Compiling standalone
arm-xilinx-eabi-ar: creating ../../../lib/libxil.a
Compiling xadc
Compiling FreeRTOS
arm-xilinx-eabi-ar: creating ../../../lib/libfreertos.a
Compiling devcfg
Compiling dmaps
Compiling gpiops
Compiling qspips
Compiling scugic
Compiling scutimer
Compiling scuwdt
Compiling spips
Compiling ttcps
Compiling uartps
Compiling cpu_cortexa9
Running execs_generate.
Finished building libraries

15:24:24 Build Finished (took 10s.742ms)

