17:57:16 **** Incremental Build of configuration Debug for project project_0 ****
make all 
Building target: project_0.elf
Invoking: ARM gcc linker
arm-xilinx-eabi-gcc -Wl,-T -Wl,../src/lscript.ld -L../../standalone_bsp_0/ps7_cortexa9_0/lib -o "project_0.elf"  ./src/SPI.o ./src/adc_dac.o ./src/encoder.o ./src/main.o   -Wl,--start-group,-lxil,-lgcc,-lc,--end-group
/opt/Xilinx/SDK/2013.2/gnu/arm/lin/bin/../lib/gcc/arm-xilinx-eabi/4.7.2/../../../../arm-xilinx-eabi/bin/ld: warning: cannot find entry symbol _vector_table; defaulting to 00100000
../../standalone_bsp_0/ps7_cortexa9_0/lib/libxil.a(xil_printf.o): In function `padding':
makefile:36: recipe for target 'project_0.elf' failed
/home/teja/tejachil-gdrive/Fall_2013/ECE_4994-Undergraduate_Research/SPI_pendulum_working_freertos/SPI_pendulum.sdk/SDK/SDK_Export/standalone_bsp_0/ps7_cortexa9_0/libsrc/standalone_v3_06_a/src/xil_printf.c:50: undefined reference to `outbyte'
../../standalone_bsp_0/ps7_cortexa9_0/lib/libxil.a(xil_printf.o): In function `outnum':
/home/teja/tejachil-gdrive/Fall_2013/ECE_4994-Undergraduate_Research/SPI_pendulum_working_freertos/SPI_pendulum.sdk/SDK/SDK_Export/standalone_bsp_0/ps7_cortexa9_0/libsrc/standalone_v3_06_a/src/xil_printf.c:112: undefined reference to `outbyte'
../../standalone_bsp_0/ps7_cortexa9_0/lib/libxil.a(xil_printf.o): In function `xil_printf':
/home/teja/tejachil-gdrive/Fall_2013/ECE_4994-Undergraduate_Research/SPI_pendulum_working_freertos/SPI_pendulum.sdk/SDK/SDK_Export/standalone_bsp_0/ps7_cortexa9_0/libsrc/standalone_v3_06_a/src/xil_printf.c:168: undefined reference to `outbyte'
../../standalone_bsp_0/ps7_cortexa9_0/lib/libxil.a(xil_printf.o): In function `outs':
/home/teja/tejachil-gdrive/Fall_2013/ECE_4994-Undergraduate_Research/SPI_pendulum_working_freertos/SPI_pendulum.sdk/SDK/SDK_Export/standalone_bsp_0/ps7_cortexa9_0/libsrc/standalone_v3_06_a/src/xil_printf.c:66: undefined reference to `outbyte'
../../standalone_bsp_0/ps7_cortexa9_0/lib/libxil.a(xil_printf.o): In function `xil_printf':
/home/teja/tejachil-gdrive/Fall_2013/ECE_4994-Undergraduate_Research/SPI_pendulum_working_freertos/SPI_pendulum.sdk/SDK/SDK_Export/standalone_bsp_0/ps7_cortexa9_0/libsrc/standalone_v3_06_a/src/xil_printf.c:229: undefined reference to `outbyte'
../../standalone_bsp_0/ps7_cortexa9_0/lib/libxil.a(xil_printf.o):/home/teja/tejachil-gdrive/Fall_2013/ECE_4994-Undergraduate_Research/SPI_pendulum_working_freertos/SPI_pendulum.sdk/SDK/SDK_Export/standalone_bsp_0/ps7_cortexa9_0/libsrc/standalone_v3_06_a/src/xil_printf.c:196: more undefined references to `outbyte' follow
collect2: error: ld returned 1 exit status
make: *** [project_0.elf] Error 1

17:57:17 Build Finished (took 633ms)

